Build started 6/5/2012 5:40:05 PM.
     1>Project "C:\Laboratory\Projects\Ailove-Instagram\gallery\gallery.vcxproj" on node 2 (build target(s)).
     1>InitializeBuildStatus:
         Creating "obj\Debug\gallery.unsuccessfulbuild" because "AlwaysCreate" was specified.
       ClCompile:
         C:\Program Files (x86)\Microsoft Visual Studio 10.0\VC\bin\CL.exe /c /I"C:\Laboratory\Projects\Ailove-Instagram\gallery\\src\ofxJSON\src" /I"C:\Laboratory\Projects\Ailove-Instagram\gallery\\src\ofxJSON\lib\include" /IC:\Laboratory\Libraries\of.git\libs\openFrameworks /IC:\Laboratory\Libraries\of.git\libs\openFrameworks\graphics /IC:\Laboratory\Libraries\of.git\libs\openFrameworks\app /IC:\Laboratory\Libraries\of.git\libs\openFrameworks\sound /IC:\Laboratory\Libraries\of.git\libs\openFrameworks\utils /IC:\Laboratory\Libraries\of.git\libs\openFrameworks\communication /IC:\Laboratory\Libraries\of.git\libs\openFrameworks\video /IC:\Laboratory\Libraries\of.git\libs\openFrameworks\math /IC:\Laboratory\Libraries\of.git\libs\openFrameworks\types /IC:\Laboratory\Libraries\of.git\libs\openFrameworks\events /IC:\Laboratory\Libraries\of.git\libs\glut\include /IC:\Laboratory\Libraries\of.git\libs\rtAudio\include /IC:\Laboratory\Libraries\of.git\libs\quicktime\include /IC:\Laboratory\Libraries\of.git\libs\freetype\include /IC:\Laboratory\Libraries\of.git\libs\freetype\include\freetype2 /IC:\Laboratory\Libraries\of.git\libs\freeImage\include /IC:\Laboratory\Libraries\of.git\libs\fmodex\include /IC:\Laboratory\Libraries\of.git\libs\videoInput\include /IC:\Laboratory\Libraries\of.git\libs\glew\include\ /IC:\Laboratory\Libraries\of.git\libs\glu\include /IC:\Laboratory\Libraries\of.git\libs\poco\include /IC:\Laboratory\Libraries\of.git\addons /IC:\Laboratory\Libraries\of.git\libs\openFrameworks\gl /IC:\Laboratory\Libraries\of.git\libs\openFrameworks\3d /IC:\Laboratory\Libraries\of.git\libs\tess2\include /IC:\Laboratory\Libraries\of.git\libs\cairo\include\cairo /ZI /nologo /W3 /WX- /Od /Oy- /D WIN32 /D _DEBUG /D _CONSOLE /D POCO_STATIC /D CAIRO_WIN32_STATIC_BUILD /D DISABLE_SOME_FLOATING_POINT /D _UNICODE /D UNICODE /Gm /EHsc /RTC1 /MDd /GS /fp:precise /Zc:wchar_t /Zc:forScope /Fo"obj\Debug\\" /Fd"obj\Debug\vc100.pdb" /Gd /TP /analyze- /errorReport:prompt src\testApp.cpp
         testApp.cpp
       ManifestResourceCompile:
         All outputs are up-to-date.
       Link:
         C:\Program Files (x86)\Microsoft Visual Studio 10.0\VC\bin\link.exe /ERRORREPORT:PROMPT /OUT:"bin\gallery_debug.exe" /INCREMENTAL /NOLOGO /LIBPATH:C:\Laboratory\Libraries\of.git\libs\glut\lib\vs2010 /LIBPATH:C:\Laboratory\Libraries\of.git\libs\rtAudio\lib\vs2010 /LIBPATH:C:\Laboratory\Libraries\of.git\libs\FreeImage\lib\vs2010 /LIBPATH:C:\Laboratory\Libraries\of.git\libs\freetype\lib\vs2010 /LIBPATH:C:\Laboratory\Libraries\of.git\libs\quicktime\lib\vs2010 /LIBPATH:C:\Laboratory\Libraries\of.git\libs\fmodex\lib\vs2010 /LIBPATH:C:\Laboratory\Libraries\of.git\libs\videoInput\lib\vs2010 /LIBPATH:C:\Laboratory\Libraries\of.git\libs\cairo\lib\vs2010 /LIBPATH:C:\Laboratory\Libraries\of.git\libs\cairo\lib\vs2010 /LIBPATH:C:\Laboratory\Libraries\of.git\libs\glew\lib\vs2010 /LIBPATH:C:\Laboratory\Libraries\of.git\libs\glu\lib\vs2010 /LIBPATH:C:\Laboratory\Libraries\of.git\libs\Poco\lib\vs2010 /LIBPATH:C:\Laboratory\Libraries\of.git\libs\openFrameworksCompiled\lib\vs2010 /LIBPATH:C:\Laboratory\Libraries\of.git\libs\tess2\lib\vs2010 openframeworksLibDebug.lib "cairo-static.lib" "pixman-1.lib" msimg32.lib OpenGL32.lib GLu32.lib kernel32.lib setupapi.lib Vfw32.lib comctl32.lib glut32.lib rtAudioD.lib videoInput.lib libfreetype.lib FreeImage.lib qtmlClient.lib dsound.lib user32.lib gdi32.lib winspool.lib comdlg32.lib advapi32.lib shell32.lib ole32.lib oleaut32.lib uuid.lib glew32s.lib fmodex_vc.lib glu32.lib PocoFoundationmdd.lib PocoNetmdd.lib PocoUtilmdd.lib PocoXMLmdd.lib Ws2_32.lib tess2.lib kernel32.lib user32.lib gdi32.lib winspool.lib comdlg32.lib advapi32.lib shell32.lib ole32.lib oleaut32.lib uuid.lib odbc32.lib odbccp32.lib /NODEFAULTLIB:atlthunk.lib /NODEFAULTLIB:LIBC.lib /NODEFAULTLIB:LIBCMT /MANIFEST /ManifestFile:"obj\Debug\gallery_debug.exe.intermediate.manifest" /MANIFESTUAC:"level='asInvoker' uiAccess='false'" /DEBUG /PDB:"C:\Laboratory\Projects\Ailove-Instagram\gallery\bin\gallery_debug_debugInfo.pdb" /SUBSYSTEM:CONSOLE /TLBID:1 /DYNAMICBASE:NO /IMPLIB:"bin\gallery_debug.lib" /MACHINE:X86 obj\Debug\gallery_debug.exe.embed.manifest.res
         obj\Debug\Instagram.obj
         obj\Debug\InstagramImage.obj
         obj\Debug\main.obj
         obj\Debug\json_reader.obj
         obj\Debug\json_value.obj
         obj\Debug\json_writer.obj
         obj\Debug\ofxJSONElement.obj
         obj\Debug\testApp.obj
         C:\Laboratory\Libraries\of.git\libs\openFrameworksCompiled\lib\vs2010\openframeworksLibDebug.lib
       Manifest:
         C:\Program Files (x86)\Microsoft SDKs\Windows\v7.0A\bin\mt.exe /nologo /verbose /out:"obj\Debug\gallery_debug.exe.embed.manifest" /manifest obj\Debug\gallery_debug.exe.intermediate.manifest
         All outputs are up-to-date.
       LinkEmbedManifest:
         All outputs are up-to-date.
         gallery.vcxproj -> C:\Laboratory\Projects\Ailove-Instagram\gallery\bin\gallery_debug.exe
       PostBuildEvent:
         Description: adding DLLs and creating data folder
         xcopy /e /i /y "C:\Laboratory\Libraries\of.git\export\vs2010\*.dll" "C:\Laboratory\Projects\Ailove-Instagram\gallery\bin"
         if not exist "C:\Laboratory\Projects\Ailove-Instagram\gallery\bin\data" mkdir  "C:\Laboratory\Projects\Ailove-Instagram\gallery\bin\data"
         
         :VCEnd
         C:\Laboratory\Libraries\of.git\export\vs2010\Assimp32.dll
         C:\Laboratory\Libraries\of.git\export\vs2010\fmodex.dll
         C:\Laboratory\Libraries\of.git\export\vs2010\fmodexL.dll
         C:\Laboratory\Libraries\of.git\export\vs2010\FreeImage.dll
         C:\Laboratory\Libraries\of.git\export\vs2010\FreeType-6.dll
         C:\Laboratory\Libraries\of.git\export\vs2010\glut32.dll
         C:\Laboratory\Libraries\of.git\export\vs2010\Zlib.dll
         7 File(s) copied
       FinalizeBuildStatus:
         Deleting file "obj\Debug\gallery.unsuccessfulbuild".
         Touching "obj\Debug\gallery.lastbuildstate".
     1>Done Building Project "C:\Laboratory\Projects\Ailove-Instagram\gallery\gallery.vcxproj" (build target(s)).

Build succeeded.

Time Elapsed 00:00:02.65
